<?xml version="1.0" encoding="UTF-8"?>
<!-- Generated by org.testng.reporters.JUnitXMLReporter -->
<testsuite hostname="stas-Vostro-5470" name="Default test" tests="80" failures="1" timestamp="1 Mar 2016 19:46:11 GMT" time="0.36" errors="0">
  <testcase name="DelEnd_0" time="0.011" classname="Skir.EListTest_NG"/>
  <testcase name="DelEnd_1" time="0.018" classname="Skir.EListTest_NG"/>
  <testcase name="DelEnd_2" time="0.002" classname="Skir.EListTest_NG"/>
  <testcase name="DelEnd_7" time="0.001" classname="Skir.EListTest_NG"/>
  <testcase name="DelPos_1" time="0.0" classname="Skir.EListTest_NG"/>
  <testcase name="DelPos_2" time="0.001" classname="Skir.EListTest_NG"/>
  <testcase name="DelPos_7" time="0.001" classname="Skir.EListTest_NG"/>
  <testcase name="DelStart_0" time="0.001" classname="Skir.EListTest_NG"/>
  <testcase name="DelStart_1" time="0.002" classname="Skir.EListTest_NG"/>
  <testcase name="DelStart_2" time="0.002" classname="Skir.EListTest_NG"/>
  <testcase name="DelStart_7" time="0.001" classname="Skir.EListTest_NG"/>
  <testcase name="Delpos_0" time="0.0" classname="Skir.EListTest_NG"/>
  <testcase name="Delpos_more_than_length" time="0.004" classname="Skir.EListTest_NG"/>
  <testcase name="add_end_0" time="0.0" classname="Skir.EListTest_NG"/>
  <testcase name="add_end_1" time="0.001" classname="Skir.EListTest_NG"/>
  <testcase name="add_end_2" time="0.001" classname="Skir.EListTest_NG"/>
  <testcase name="add_end_7" time="0.001" classname="Skir.EListTest_NG"/>
  <testcase name="add_start_0" time="0.0" classname="Skir.EListTest_NG"/>
  <testcase name="add_start_1" time="0.001" classname="Skir.EListTest_NG"/>
  <testcase name="add_start_2" time="0.0" classname="Skir.EListTest_NG"/>
  <testcase name="add_start_7" time="0.0" classname="Skir.EListTest_NG"/>
  <testcase name="clear_7" time="0.0" classname="Skir.EListTest_NG"/>
  <testcase name="clear__1" time="0.001" classname="Skir.EListTest_NG"/>
  <testcase name="clear__2" time="0.0" classname="Skir.EListTest_NG"/>
  <testcase name="init_2" time="0.001" classname="Skir.EListTest_NG"/>
  <testcase name="init_7" time="0.002" classname="Skir.EListTest_NG"/>
  <testcase name="init__0" time="0.001" classname="Skir.EListTest_NG"/>
  <testcase name="init__1" time="0.002" classname="Skir.EListTest_NG"/>
  <testcase name="testAddPos_0" time="0.008" classname="Skir.EListTest_NG"/>
  <testcase name="testAddPos_1" time="0.005" classname="Skir.EListTest_NG">
    <failure type="org.junit.internal.ArrayComparisonFailure" message="arrays first differed at element [0]; expected:&amp;lt;46&amp;gt; but was:&amp;lt;95&amp;gt;">
      <![CDATA[arrays first differed at element [0]; expected:<46> but was:<95>
	at org.junit.internal.ComparisonCriteria.arrayEquals(ComparisonCriteria.java:55)
	at org.junit.Assert.internalArrayEquals(Assert.java:532)
	at org.junit.Assert.assertArrayEquals(Assert.java:416)
	at org.junit.Assert.assertArrayEquals(Assert.java:427)
	at Skir.EListTest_NG.testAddPos_1(EListTest_NG.java:214)
	at sun.reflect.NativeMethodAccessorImpl.invoke0(Native Method)
	at sun.reflect.NativeMethodAccessorImpl.invoke(NativeMethodAccessorImpl.java:62)
	at sun.reflect.DelegatingMethodAccessorImpl.invoke(DelegatingMethodAccessorImpl.java:43)
	at java.lang.reflect.Method.invoke(Method.java:498)
	at org.testng.internal.MethodInvocationHelper.invokeMethod(MethodInvocationHelper.java:86)
	at org.testng.internal.Invoker.invokeMethod(Invoker.java:645)
	at org.testng.internal.Invoker.invokeTestMethod(Invoker.java:822)
	at org.testng.internal.Invoker.invokeTestMethods(Invoker.java:1130)
	at org.testng.internal.TestMethodWorker.invokeTestMethods(TestMethodWorker.java:129)
	at org.testng.internal.TestMethodWorker.run(TestMethodWorker.java:112)
	at org.testng.TestRunner.privateRun(TestRunner.java:782)
	at org.testng.TestRunner.run(TestRunner.java:632)
	at org.testng.SuiteRunner.runTest(SuiteRunner.java:366)
	at org.testng.SuiteRunner.runSequentially(SuiteRunner.java:361)
	at org.testng.SuiteRunner.privateRun(SuiteRunner.java:319)
	at org.testng.SuiteRunner.run(SuiteRunner.java:268)
	at org.testng.SuiteRunnerWorker.runSuite(SuiteRunnerWorker.java:52)
	at org.testng.SuiteRunnerWorker.run(SuiteRunnerWorker.java:86)
	at org.testng.TestNG.runSuitesSequentially(TestNG.java:1244)
	at org.testng.TestNG.runSuitesLocally(TestNG.java:1169)
	at org.testng.TestNG.run(TestNG.java:1064)
	at org.testng.remote.RemoteTestNG.run(RemoteTestNG.java:113)
	at org.testng.remote.RemoteTestNG.initAndRun(RemoteTestNG.java:206)
	at org.testng.remote.RemoteTestNG.main(RemoteTestNG.java:177)
Caused by: java.lang.AssertionError: expected:<46> but was:<95>
	at org.junit.Assert.fail(Assert.java:88)
	at org.junit.Assert.failNotEquals(Assert.java:834)
	at org.junit.Assert.assertEquals(Assert.java:118)
	at org.junit.Assert.assertEquals(Assert.java:144)
	at org.junit.internal.ExactComparisonCriteria.assertElementsEqual(ExactComparisonCriteria.java:8)
	at org.junit.internal.ComparisonCriteria.arrayEquals(ComparisonCriteria.java:53)
	... 28 more
]]>
    </failure>
  </testcase> <!-- testAddPos_1 -->
  <testcase name="testAddPos_2" time="0.001" classname="Skir.EListTest_NG"/>
  <testcase name="testAddPos_7" time="0.002" classname="Skir.EListTest_NG"/>
  <testcase name="testGetPos_0" time="0.0" classname="Skir.EListTest_NG"/>
  <testcase name="testGetPos_1" time="0.001" classname="Skir.EListTest_NG"/>
  <testcase name="testGetPos_2" time="0.0" classname="Skir.EListTest_NG"/>
  <testcase name="testGetPos_7" time="0.0" classname="Skir.EListTest_NG"/>
  <testcase name="testGetPos_more_than_length1" time="0.008" classname="Skir.EListTest_NG"/>
  <testcase name="testHalfReverse_0" time="0.001" classname="Skir.EListTest_NG"/>
  <testcase name="testHalfReverse_1" time="0.001" classname="Skir.EListTest_NG"/>
  <testcase name="testHalfReverse_2" time="0.001" classname="Skir.EListTest_NG"/>
  <testcase name="testHalfReverse_3" time="0.001" classname="Skir.EListTest_NG"/>
  <testcase name="testHalfReverse_7" time="0.0" classname="Skir.EListTest_NG"/>
  <testcase name="testMax_0" time="0.0" classname="Skir.EListTest_NG"/>
  <testcase name="testMax_1" time="0.0" classname="Skir.EListTest_NG"/>
  <testcase name="testMax_2" time="0.0" classname="Skir.EListTest_NG"/>
  <testcase name="testMax_7" time="0.0" classname="Skir.EListTest_NG"/>
  <testcase name="testMax_equal" time="0.0" classname="Skir.EListTest_NG"/>
  <testcase name="testMaxid_7" time="0.002" classname="Skir.EListTest_NG"/>
  <testcase name="testMaxind_0" time="0.001" classname="Skir.EListTest_NG"/>
  <testcase name="testMaxind_1" time="0.001" classname="Skir.EListTest_NG"/>
  <testcase name="testMaxind_2" time="0.001" classname="Skir.EListTest_NG"/>
  <testcase name="testMaxind_equal" time="0.001" classname="Skir.EListTest_NG"/>
  <testcase name="testMin_0" time="0.001" classname="Skir.EListTest_NG"/>
  <testcase name="testMin_1" time="0.0" classname="Skir.EListTest_NG"/>
  <testcase name="testMin_2" time="0.001" classname="Skir.EListTest_NG"/>
  <testcase name="testMin_7" time="0.0" classname="Skir.EListTest_NG"/>
  <testcase name="testMin_equal" time="0.008" classname="Skir.EListTest_NG"/>
  <testcase name="testMinid_7" time="0.002" classname="Skir.EListTest_NG"/>
  <testcase name="testMinind_0" time="0.001" classname="Skir.EListTest_NG"/>
  <testcase name="testMinind_1" time="0.0" classname="Skir.EListTest_NG"/>
  <testcase name="testMinind_2" time="0.0" classname="Skir.EListTest_NG"/>
  <testcase name="testMinind_equal" time="0.0" classname="Skir.EListTest_NG"/>
  <testcase name="testReverse_0" time="0.0" classname="Skir.EListTest_NG"/>
  <testcase name="testReverse_1" time="0.0" classname="Skir.EListTest_NG"/>
  <testcase name="testReverse_2" time="0.0" classname="Skir.EListTest_NG"/>
  <testcase name="testReverse_3" time="0.0" classname="Skir.EListTest_NG"/>
  <testcase name="testReverse_7" time="0.0" classname="Skir.EListTest_NG"/>
  <testcase name="testSetPos_0" time="0.0" classname="Skir.EListTest_NG"/>
  <testcase name="testSetPos_1" time="0.0" classname="Skir.EListTest_NG"/>
  <testcase name="testSetPos_2" time="0.001" classname="Skir.EListTest_NG"/>
  <testcase name="testSetPos_7" time="0.001" classname="Skir.EListTest_NG"/>
  <testcase name="testSetPos_more_than_length1" time="0.0" classname="Skir.EListTest_NG"/>
  <testcase name="test_BubbleSort1" time="0.001" classname="Skir.EListTest_NG"/>
  <testcase name="test_BubbleSort7" time="0.0" classname="Skir.EListTest_NG"/>
  <testcase name="test_Bubblesort0" time="0.001" classname="Skir.EListTest_NG"/>
  <testcase name="test_Bubblesort2" time="0.001" classname="Skir.EListTest_NG"/>
  <testcase name="test_insertsort0" time="0.0" classname="Skir.EListTest_NG"/>
  <testcase name="test_insertsort1" time="0.0" classname="Skir.EListTest_NG"/>
  <testcase name="test_insertsort2" time="0.0" classname="Skir.EListTest_NG"/>
  <testcase name="test_insertsort7" time="0.0" classname="Skir.EListTest_NG"/>
</testsuite> <!-- Default test -->
